TN:
SF:js/performance.js
FN:13,(anonymous_0)
FN:15,(anonymous_1)
FN:23,(anonymous_2)
FN:25,(anonymous_3)
FN:33,(anonymous_4)
FN:35,(anonymous_5)
FN:45,(anonymous_6)
FN:55,(anonymous_7)
FN:56,(anonymous_8)
FN:58,(anonymous_9)
FN:69,(anonymous_10)
FN:94,(anonymous_11)
FN:108,(anonymous_12)
FN:110,(anonymous_13)
FN:113,(anonymous_14)
FN:114,(anonymous_15)
FN:122,(anonymous_16)
FN:131,(anonymous_17)
FN:142,(anonymous_18)
FN:152,(anonymous_19)
FN:154,(anonymous_20)
FN:166,(anonymous_21)
FN:167,(anonymous_22)
FN:184,(anonymous_23)
FN:192,(anonymous_24)
FN:203,(anonymous_25)
FN:208,(anonymous_26)
FN:214,(anonymous_27)
FN:228,(anonymous_28)
FN:232,(anonymous_29)
FN:234,(anonymous_30)
FN:243,(anonymous_31)
FN:254,(anonymous_32)
FN:259,(anonymous_33)
FN:272,(anonymous_34)
FN:286,(anonymous_35)
FN:287,(anonymous_36)
FN:292,(anonymous_37)
FN:309,(anonymous_38)
FN:332,(anonymous_39)
FNF:40
FNH:0
FNDA:0,(anonymous_0)
FNDA:0,(anonymous_1)
FNDA:0,(anonymous_2)
FNDA:0,(anonymous_3)
FNDA:0,(anonymous_4)
FNDA:0,(anonymous_5)
FNDA:0,(anonymous_6)
FNDA:0,(anonymous_7)
FNDA:0,(anonymous_8)
FNDA:0,(anonymous_9)
FNDA:0,(anonymous_10)
FNDA:0,(anonymous_11)
FNDA:0,(anonymous_12)
FNDA:0,(anonymous_13)
FNDA:0,(anonymous_14)
FNDA:0,(anonymous_15)
FNDA:0,(anonymous_16)
FNDA:0,(anonymous_17)
FNDA:0,(anonymous_18)
FNDA:0,(anonymous_19)
FNDA:0,(anonymous_20)
FNDA:0,(anonymous_21)
FNDA:0,(anonymous_22)
FNDA:0,(anonymous_23)
FNDA:0,(anonymous_24)
FNDA:0,(anonymous_25)
FNDA:0,(anonymous_26)
FNDA:0,(anonymous_27)
FNDA:0,(anonymous_28)
FNDA:0,(anonymous_29)
FNDA:0,(anonymous_30)
FNDA:0,(anonymous_31)
FNDA:0,(anonymous_32)
FNDA:0,(anonymous_33)
FNDA:0,(anonymous_34)
FNDA:0,(anonymous_35)
FNDA:0,(anonymous_36)
FNDA:0,(anonymous_37)
FNDA:0,(anonymous_38)
FNDA:0,(anonymous_39)
DA:7,0
DA:15,0
DA:16,0
DA:17,0
DA:18,0
DA:19,0
DA:23,0
DA:24,0
DA:25,0
DA:26,0
DA:27,0
DA:32,0
DA:33,0
DA:34,0
DA:35,0
DA:36,0
DA:37,0
DA:40,0
DA:41,0
DA:47,0
DA:52,0
DA:56,0
DA:57,0
DA:58,0
DA:59,0
DA:60,0
DA:61,0
DA:63,0
DA:65,0
DA:70,0
DA:73,0
DA:76,0
DA:77,0
DA:81,0
DA:82,0
DA:83,0
DA:86,0
DA:91,0
DA:95,0
DA:96,0
DA:101,0
DA:104,0
DA:109,0
DA:110,0
DA:114,0
DA:115,0
DA:116,0
DA:117,0
DA:124,0
DA:126,0
DA:127,0
DA:130,0
DA:131,0
DA:132,0
DA:133,0
DA:134,0
DA:137,0
DA:138,0
DA:142,0
DA:144,0
DA:145,0
DA:146,0
DA:149,0
DA:153,0
DA:154,0
DA:159,0
DA:167,0
DA:168,0
DA:169,0
DA:171,0
DA:172,0
DA:173,0
DA:174,0
DA:175,0
DA:176,0
DA:179,0
DA:180,0
DA:186,0
DA:192,0
DA:193,0
DA:194,0
DA:195,0
DA:196,0
DA:202,0
DA:205,0
DA:209,0
DA:214,0
DA:215,0
DA:216,0
DA:217,0
DA:218,0
DA:219,0
DA:225,0
DA:229,0
DA:233,0
DA:234,0
DA:235,0
DA:236,0
DA:237,0
DA:239,0
DA:244,0
DA:245,0
DA:246,0
DA:248,0
DA:249,0
DA:250,0
DA:256,0
DA:257,0
DA:259,0
DA:260,0
DA:261,0
DA:262,0
DA:263,0
DA:264,0
DA:271,0
DA:273,0
DA:274,0
DA:275,0
DA:276,0
DA:278,0
DA:285,0
DA:287,0
DA:288,0
DA:289,0
DA:290,0
DA:292,0
DA:293,0
DA:294,0
DA:295,0
DA:297,0
DA:299,0
DA:302,0
DA:308,0
DA:311,0
DA:314,0
DA:317,0
DA:320,0
DA:323,0
DA:326,0
DA:329,0
DA:332,0
DA:333,0
DA:336,0
DA:341,0
DA:342,0
DA:344,0
DA:348,0
LF:147
LH:0
BRDA:36,0,0,0
BRDA:36,0,1,0
BRDA:60,1,0,0
BRDA:60,1,1,0
BRDA:69,2,0,0
BRDA:70,3,0,0
BRDA:70,3,1,0
BRDA:76,4,0,0
BRDA:76,4,1,0
BRDA:76,5,0,0
BRDA:76,5,1,0
BRDA:81,6,0,0
BRDA:81,6,1,0
BRDA:82,7,0,0
BRDA:82,7,1,0
BRDA:95,8,0,0
BRDA:95,8,1,0
BRDA:115,9,0,0
BRDA:115,9,1,0
BRDA:126,10,0,0
BRDA:126,10,1,0
BRDA:137,11,0,0
BRDA:137,11,1,0
BRDA:171,12,0,0
BRDA:171,12,1,0
BRDA:173,13,0,0
BRDA:173,13,1,0
BRDA:175,14,0,0
BRDA:175,14,1,0
BRDA:233,15,0,0
BRDA:233,15,1,0
BRDA:249,16,0,0
BRDA:249,16,1,0
BRDA:261,17,0,0
BRDA:261,17,1,0
BRDA:261,18,0,0
BRDA:261,18,1,0
BRDA:273,19,0,0
BRDA:273,19,1,0
BRDA:286,20,0,0
BRDA:286,21,0,0
BRDA:341,22,0,0
BRDA:341,22,1,0
BRF:43
BRH:0
end_of_record
TN:
SF:js/utils.js
FN:17,(anonymous_0)
FN:24,(anonymous_1)
FN:31,(anonymous_2)
FN:38,(anonymous_3)
FN:47,(anonymous_4)
FN:63,(anonymous_5)
FN:78,(anonymous_6)
FN:96,(anonymous_7)
FN:98,executedFunction
FN:99,(anonymous_9)
FN:114,(anonymous_10)
FN:116,(anonymous_11)
FN:122,(anonymous_12)
FN:137,(anonymous_13)
FN:147,(anonymous_14)
FN:157,(anonymous_15)
FN:167,(anonymous_16)
FN:177,(anonymous_17)
FN:186,(anonymous_18)
FN:211,(anonymous_19)
FN:239,(anonymous_20)
FN:289,(anonymous_21)
FN:297,(anonymous_22)
FN:316,(anonymous_23)
FN:322,(anonymous_24)
FN:343,(anonymous_25)
FN:353,(anonymous_26)
FN:375,(anonymous_27)
FN:383,(anonymous_28)
FN:411,(anonymous_29)
FN:425,(anonymous_30)
FN:439,(anonymous_31)
FN:452,(anonymous_32)
FN:466,(anonymous_33)
FN:480,(anonymous_34)
FN:499,(anonymous_35)
FN:535,(anonymous_36)
FN:546,(anonymous_37)
FN:563,(anonymous_38)
FN:571,(anonymous_39)
FN:580,(anonymous_40)
FN:588,(anonymous_41)
FN:602,(anonymous_42)
FN:610,(anonymous_43)
FNF:44
FNH:11
FNDA:1,(anonymous_0)
FNDA:0,(anonymous_1)
FNDA:0,(anonymous_2)
FNDA:0,(anonymous_3)
FNDA:0,(anonymous_4)
FNDA:0,(anonymous_5)
FNDA:0,(anonymous_6)
FNDA:1,(anonymous_7)
FNDA:2,executedFunction
FNDA:1,(anonymous_9)
FNDA:0,(anonymous_10)
FNDA:0,(anonymous_11)
FNDA:0,(anonymous_12)
FNDA:2,(anonymous_13)
FNDA:0,(anonymous_14)
FNDA:0,(anonymous_15)
FNDA:0,(anonymous_16)
FNDA:0,(anonymous_17)
FNDA:1,(anonymous_18)
FNDA:2,(anonymous_19)
FNDA:0,(anonymous_20)
FNDA:1,(anonymous_21)
FNDA:0,(anonymous_22)
FNDA:0,(anonymous_23)
FNDA:0,(anonymous_24)
FNDA:0,(anonymous_25)
FNDA:0,(anonymous_26)
FNDA:0,(anonymous_27)
FNDA:0,(anonymous_28)
FNDA:1,(anonymous_29)
FNDA:1,(anonymous_30)
FNDA:0,(anonymous_31)
FNDA:0,(anonymous_32)
FNDA:0,(anonymous_33)
FNDA:0,(anonymous_34)
FNDA:1,(anonymous_35)
FNDA:0,(anonymous_36)
FNDA:0,(anonymous_37)
FNDA:0,(anonymous_38)
FNDA:0,(anonymous_39)
FNDA:0,(anonymous_40)
FNDA:0,(anonymous_41)
FNDA:0,(anonymous_42)
FNDA:0,(anonymous_43)
DA:11,1
DA:17,1
DA:24,0
DA:31,0
DA:38,0
DA:48,0
DA:50,0
DA:51,0
DA:53,0
DA:64,0
DA:66,0
DA:67,0
DA:69,0
DA:79,0
DA:81,0
DA:82,0
DA:98,1
DA:99,2
DA:100,1
DA:101,1
DA:103,2
DA:104,2
DA:116,0
DA:117,0
DA:118,0
DA:119,0
DA:120,0
DA:121,0
DA:122,0
DA:131,1
DA:138,2
DA:139,2
DA:148,0
DA:149,0
DA:158,0
DA:168,0
DA:178,0
DA:187,1
DA:190,1
DA:193,1
DA:196,1
DA:197,1
DA:198,1
DA:199,1
DA:200,1
DA:203,1
DA:204,1
DA:212,2
DA:214,2
DA:215,2
DA:217,2
DA:218,2
DA:219,1
DA:223,2
DA:224,2
DA:225,1
DA:226,1
DA:227,1
DA:228,1
DA:230,2
DA:240,0
DA:242,0
DA:243,0
DA:246,0
DA:247,0
DA:248,0
DA:252,0
DA:253,0
DA:254,0
DA:258,0
DA:259,0
DA:260,0
DA:264,0
DA:265,0
DA:266,0
DA:269,0
DA:270,0
DA:271,0
DA:275,0
DA:276,0
DA:283,1
DA:290,1
DA:292,1
DA:293,1
DA:295,1
DA:297,1
DA:298,0
DA:299,0
DA:301,0
DA:303,0
DA:304,0
DA:308,1
DA:317,0
DA:319,0
DA:320,0
DA:322,0
DA:323,0
DA:324,0
DA:326,0
DA:328,0
DA:329,0
DA:331,0
DA:335,0
DA:344,0
DA:346,0
DA:347,0
DA:348,0
DA:350,0
DA:351,0
DA:353,0
DA:354,0
DA:355,0
DA:357,0
DA:359,0
DA:360,0
DA:362,0
DA:363,0
DA:367,0
DA:376,0
DA:378,0
DA:379,0
DA:381,0
DA:383,0
DA:384,0
DA:385,0
DA:387,0
DA:389,0
DA:390,0
DA:392,0
DA:393,0
DA:394,0
DA:398,0
DA:405,1
DA:412,1
DA:413,1
DA:415,0
DA:426,1
DA:427,1
DA:428,1
DA:430,0
DA:431,0
DA:440,0
DA:441,0
DA:443,0
DA:453,0
DA:454,0
DA:456,0
DA:467,0
DA:468,0
DA:469,0
DA:471,0
DA:472,0
DA:481,0
DA:482,0
DA:484,0
DA:492,1
DA:500,1
DA:507,1
DA:509,1
DA:510,1
DA:512,1
DA:513,0
DA:516,1
DA:518,1
DA:519,1
DA:521,0
DA:524,0
DA:525,0
DA:536,0
DA:547,0
DA:558,1
DA:564,0
DA:572,0
DA:581,0
DA:589,0
DA:591,0
DA:592,0
DA:593,0
DA:594,0
DA:595,0
DA:603,0
DA:611,0
DA:618,1
DA:628,1
DA:629,1
LF:185
LH:60
BRDA:47,0,0,0
BRDA:48,1,0,0
BRDA:48,1,1,0
BRDA:48,2,0,0
BRDA:48,2,1,0
BRDA:64,3,0,0
BRDA:64,3,1,0
BRDA:64,4,0,0
BRDA:64,4,1,0
BRDA:79,5,0,0
BRDA:79,5,1,0
BRDA:83,6,0,0
BRDA:83,6,1,0
BRDA:83,6,2,0
BRDA:83,6,3,0
BRDA:85,7,0,0
BRDA:85,7,1,0
BRDA:86,8,0,0
BRDA:86,8,1,0
BRDA:119,9,0,0
BRDA:119,9,1,0
BRDA:158,10,0,0
BRDA:158,10,1,0
BRDA:168,11,0,0
BRDA:168,11,1,0
BRDA:178,12,0,0
BRDA:178,12,1,0
BRDA:187,13,0,0
BRDA:187,13,1,1
BRDA:197,14,0,1
BRDA:197,14,1,0
BRDA:212,15,0,0
BRDA:212,15,1,2
BRDA:218,16,0,1
BRDA:218,16,1,1
BRDA:224,17,0,1
BRDA:224,17,1,1
BRDA:239,18,0,0
BRDA:240,19,0,0
BRDA:240,19,1,0
BRDA:246,20,0,0
BRDA:246,20,1,0
BRDA:246,21,0,0
BRDA:246,21,1,0
BRDA:252,22,0,0
BRDA:252,22,1,0
BRDA:252,23,0,0
BRDA:252,23,1,0
BRDA:252,23,2,0
BRDA:258,24,0,0
BRDA:258,24,1,0
BRDA:258,25,0,0
BRDA:258,25,1,0
BRDA:258,25,2,0
BRDA:264,26,0,0
BRDA:264,26,1,0
BRDA:264,27,0,0
BRDA:264,27,1,0
BRDA:269,28,0,0
BRDA:269,28,1,0
BRDA:269,29,0,0
BRDA:269,29,1,0
BRDA:289,30,0,0
BRDA:290,31,0,0
BRDA:290,31,1,1
BRDA:303,32,0,0
BRDA:303,32,1,0
BRDA:316,33,0,0
BRDA:317,34,0,0
BRDA:317,34,1,0
BRDA:328,35,0,0
BRDA:328,35,1,0
BRDA:343,36,0,0
BRDA:344,37,0,0
BRDA:344,37,1,0
BRDA:359,38,0,0
BRDA:359,38,1,0
BRDA:375,39,0,0
BRDA:376,40,0,0
BRDA:376,40,1,0
BRDA:389,41,0,0
BRDA:389,41,1,0
BRDA:425,42,0,1
BRDA:428,43,0,1
BRDA:428,43,1,0
BRDA:466,44,0,0
BRDA:469,45,0,0
BRDA:469,45,1,0
BRDA:499,46,0,1
BRDA:512,47,0,0
BRDA:512,47,1,1
BRDA:518,48,0,1
BRDA:518,48,1,0
BRDA:518,49,0,1
BRDA:518,49,1,1
BRDA:535,50,0,0
BRDA:546,51,0,0
BRDA:572,52,0,0
BRDA:572,52,1,0
BRDA:572,52,2,0
BRDA:581,53,0,0
BRDA:581,53,1,0
BRDA:591,54,0,0
BRDA:591,54,1,0
BRDA:592,55,0,0
BRDA:592,55,1,0
BRDA:593,56,0,0
BRDA:593,56,1,0
BRDA:594,57,0,0
BRDA:594,57,1,0
BRDA:628,58,0,1
BRDA:628,58,1,0
BRDA:628,59,0,1
BRDA:628,59,1,1
BRF:114
BRH:18
end_of_record
TN:
SF:js/ux-enhancements.js
FN:11,(anonymous_0)
FN:18,initializeUXEnhancements
FN:36,(anonymous_2)
FN:43,(anonymous_3)
FN:49,(anonymous_4)
FN:50,(anonymous_5)
FN:56,(anonymous_6)
FN:57,(anonymous_7)
FN:66,(anonymous_8)
FN:71,(anonymous_9)
FN:75,(anonymous_10)
FN:85,(anonymous_11)
FN:90,(anonymous_12)
FN:93,(anonymous_13)
FN:102,(anonymous_14)
FN:130,(anonymous_15)
FN:143,(anonymous_16)
FN:156,(anonymous_17)
FN:162,(anonymous_18)
FN:165,(anonymous_19)
FN:167,(anonymous_20)
FN:174,(anonymous_21)
FN:180,(anonymous_22)
FN:185,(anonymous_23)
FN:189,(anonymous_24)
FN:195,(anonymous_25)
FN:200,(anonymous_26)
FN:201,(anonymous_27)
FN:225,(anonymous_28)
FN:247,(anonymous_29)
FN:253,(anonymous_30)
FN:260,(anonymous_31)
FN:262,(anonymous_32)
FN:281,(anonymous_33)
FN:291,(anonymous_34)
FN:297,(anonymous_35)
FN:300,(anonymous_36)
FN:305,(anonymous_37)
FN:309,(anonymous_38)
FN:325,(anonymous_39)
FN:333,(anonymous_40)
FN:337,(anonymous_41)
FN:344,(anonymous_42)
FN:347,(anonymous_43)
FN:350,(anonymous_44)
FN:351,(anonymous_45)
FN:355,(anonymous_46)
FN:362,(anonymous_47)
FN:372,(anonymous_48)
FN:382,(anonymous_49)
FN:396,(anonymous_50)
FN:399,(anonymous_51)
FN:406,(anonymous_52)
FN:408,(anonymous_53)
FN:423,(anonymous_54)
FN:429,(anonymous_55)
FN:436,(anonymous_56)
FN:448,(anonymous_57)
FN:449,(anonymous_58)
FN:457,(anonymous_59)
FN:459,(anonymous_60)
FN:470,(anonymous_61)
FN:490,(anonymous_62)
FN:496,(anonymous_63)
FN:497,(anonymous_64)
FN:499,(anonymous_65)
FN:509,(anonymous_66)
FN:517,(anonymous_67)
FN:523,(anonymous_68)
FN:526,(anonymous_69)
FN:527,(anonymous_70)
FN:537,(anonymous_71)
FN:540,(anonymous_72)
FN:543,(anonymous_73)
FN:545,(anonymous_74)
FN:551,(anonymous_75)
FN:583,(anonymous_76)
FN:589,escapeHandler
FN:611,(anonymous_78)
FN:614,(anonymous_79)
FN:615,(anonymous_80)
FN:619,(anonymous_81)
FN:631,(anonymous_82)
FN:635,(anonymous_83)
FN:638,(anonymous_84)
FN:639,(anonymous_85)
FN:643,(anonymous_86)
FN:649,(anonymous_87)
FN:678,(anonymous_88)
FN:686,(anonymous_89)
FN:698,(anonymous_90)
FN:702,(anonymous_91)
FN:718,(anonymous_92)
FN:739,(anonymous_93)
FN:744,(anonymous_94)
FN:749,(anonymous_95)
FN:754,(anonymous_96)
FN:756,(anonymous_97)
FN:768,(anonymous_98)
FN:773,(anonymous_99)
FN:775,(anonymous_100)
FN:783,(anonymous_101)
FN:787,(anonymous_102)
FN:788,(anonymous_103)
FN:797,(anonymous_104)
FN:808,(anonymous_105)
FNF:106
FNH:0
FNDA:0,(anonymous_0)
FNDA:0,initializeUXEnhancements
FNDA:0,(anonymous_2)
FNDA:0,(anonymous_3)
FNDA:0,(anonymous_4)
FNDA:0,(anonymous_5)
FNDA:0,(anonymous_6)
FNDA:0,(anonymous_7)
FNDA:0,(anonymous_8)
FNDA:0,(anonymous_9)
FNDA:0,(anonymous_10)
FNDA:0,(anonymous_11)
FNDA:0,(anonymous_12)
FNDA:0,(anonymous_13)
FNDA:0,(anonymous_14)
FNDA:0,(anonymous_15)
FNDA:0,(anonymous_16)
FNDA:0,(anonymous_17)
FNDA:0,(anonymous_18)
FNDA:0,(anonymous_19)
FNDA:0,(anonymous_20)
FNDA:0,(anonymous_21)
FNDA:0,(anonymous_22)
FNDA:0,(anonymous_23)
FNDA:0,(anonymous_24)
FNDA:0,(anonymous_25)
FNDA:0,(anonymous_26)
FNDA:0,(anonymous_27)
FNDA:0,(anonymous_28)
FNDA:0,(anonymous_29)
FNDA:0,(anonymous_30)
FNDA:0,(anonymous_31)
FNDA:0,(anonymous_32)
FNDA:0,(anonymous_33)
FNDA:0,(anonymous_34)
FNDA:0,(anonymous_35)
FNDA:0,(anonymous_36)
FNDA:0,(anonymous_37)
FNDA:0,(anonymous_38)
FNDA:0,(anonymous_39)
FNDA:0,(anonymous_40)
FNDA:0,(anonymous_41)
FNDA:0,(anonymous_42)
FNDA:0,(anonymous_43)
FNDA:0,(anonymous_44)
FNDA:0,(anonymous_45)
FNDA:0,(anonymous_46)
FNDA:0,(anonymous_47)
FNDA:0,(anonymous_48)
FNDA:0,(anonymous_49)
FNDA:0,(anonymous_50)
FNDA:0,(anonymous_51)
FNDA:0,(anonymous_52)
FNDA:0,(anonymous_53)
FNDA:0,(anonymous_54)
FNDA:0,(anonymous_55)
FNDA:0,(anonymous_56)
FNDA:0,(anonymous_57)
FNDA:0,(anonymous_58)
FNDA:0,(anonymous_59)
FNDA:0,(anonymous_60)
FNDA:0,(anonymous_61)
FNDA:0,(anonymous_62)
FNDA:0,(anonymous_63)
FNDA:0,(anonymous_64)
FNDA:0,(anonymous_65)
FNDA:0,(anonymous_66)
FNDA:0,(anonymous_67)
FNDA:0,(anonymous_68)
FNDA:0,(anonymous_69)
FNDA:0,(anonymous_70)
FNDA:0,(anonymous_71)
FNDA:0,(anonymous_72)
FNDA:0,(anonymous_73)
FNDA:0,(anonymous_74)
FNDA:0,(anonymous_75)
FNDA:0,(anonymous_76)
FNDA:0,escapeHandler
FNDA:0,(anonymous_78)
FNDA:0,(anonymous_79)
FNDA:0,(anonymous_80)
FNDA:0,(anonymous_81)
FNDA:0,(anonymous_82)
FNDA:0,(anonymous_83)
FNDA:0,(anonymous_84)
FNDA:0,(anonymous_85)
FNDA:0,(anonymous_86)
FNDA:0,(anonymous_87)
FNDA:0,(anonymous_88)
FNDA:0,(anonymous_89)
FNDA:0,(anonymous_90)
FNDA:0,(anonymous_91)
FNDA:0,(anonymous_92)
FNDA:0,(anonymous_93)
FNDA:0,(anonymous_94)
FNDA:0,(anonymous_95)
FNDA:0,(anonymous_96)
FNDA:0,(anonymous_97)
FNDA:0,(anonymous_98)
FNDA:0,(anonymous_99)
FNDA:0,(anonymous_100)
FNDA:0,(anonymous_101)
FNDA:0,(anonymous_102)
FNDA:0,(anonymous_103)
FNDA:0,(anonymous_104)
FNDA:0,(anonymous_105)
DA:11,0
DA:12,0
DA:20,0
DA:21,0
DA:22,0
DA:23,0
DA:24,0
DA:25,0
DA:26,0
DA:27,0
DA:29,0
DA:35,0
DA:37,0
DA:38,0
DA:39,0
DA:40,0
DA:44,0
DA:49,0
DA:50,0
DA:51,0
DA:52,0
DA:55,0
DA:56,0
DA:57,0
DA:58,0
DA:66,0
DA:67,0
DA:72,0
DA:73,0
DA:75,0
DA:76,0
DA:77,0
DA:78,0
DA:79,0
DA:82,0
DA:86,0
DA:88,0
DA:90,0
DA:91,0
DA:93,0
DA:94,0
DA:95,0
DA:99,0
DA:104,0
DA:105,0
DA:106,0
DA:107,0
DA:108,0
DA:127,0
DA:130,0
DA:131,0
DA:132,0
DA:133,0
DA:135,0
DA:136,0
DA:140,0
DA:143,0
DA:144,0
DA:155,0
DA:157,0
DA:158,0
DA:159,0
DA:163,0
DA:165,0
DA:167,0
DA:168,0
DA:169,0
DA:174,0
DA:175,0
DA:176,0
DA:180,0
DA:181,0
DA:185,0
DA:186,0
DA:189,0
DA:190,0
DA:196,0
DA:198,0
DA:200,0
DA:201,0
DA:202,0
DA:203,0
DA:204,0
DA:205,0
DA:206,0
DA:208,0
DA:221,0
DA:222,0
DA:223,0
DA:225,0
DA:226,0
DA:232,0
DA:233,0
DA:234,0
DA:235,0
DA:243,0
DA:248,0
DA:249,0
DA:250,0
DA:253,0
DA:254,0
DA:255,0
DA:256,0
DA:262,0
DA:263,0
DA:264,0
DA:265,0
DA:266,0
DA:268,0
DA:269,0
DA:271,0
DA:272,0
DA:273,0
DA:275,0
DA:276,0
DA:281,0
DA:282,0
DA:290,0
DA:292,0
DA:293,0
DA:294,0
DA:298,0
DA:300,0
DA:302,0
DA:305,0
DA:306,0
DA:309,0
DA:310,0
DA:311,0
DA:312,0
DA:314,0
DA:319,0
DA:320,0
DA:326,0
DA:327,0
DA:329,0
DA:330,0
DA:333,0
DA:334,0
DA:337,0
DA:338,0
DA:339,0
DA:345,0
DA:347,0
DA:348,0
DA:350,0
DA:351,0
DA:352,0
DA:355,0
DA:356,0
DA:363,0
DA:369,0
DA:373,0
DA:374,0
DA:376,0
DA:377,0
DA:378,0
DA:380,0
DA:382,0
DA:383,0
DA:384,0
DA:386,0
DA:387,0
DA:388,0
DA:390,0
DA:391,0
DA:397,0
DA:399,0
DA:400,0
DA:401,0
DA:402,0
DA:404,0
DA:406,0
DA:407,0
DA:408,0
DA:409,0
DA:411,0
DA:414,0
DA:422,0
DA:424,0
DA:425,0
DA:426,0
DA:430,0
DA:431,0
DA:433,0
DA:436,0
DA:437,0
DA:440,0
DA:441,0
DA:443,0
DA:448,0
DA:449,0
DA:450,0
DA:451,0
DA:452,0
DA:458,0
DA:459,0
DA:461,0
DA:463,0
DA:464,0
DA:465,0
DA:467,0
DA:468,0
DA:470,0
DA:471,0
DA:472,0
DA:473,0
DA:475,0
DA:476,0
DA:478,0
DA:482,0
DA:484,0
DA:485,0
DA:486,0
DA:491,0
DA:492,0
DA:494,0
DA:496,0
DA:497,0
DA:498,0
DA:499,0
DA:500,0
DA:501,0
DA:502,0
DA:509,0
DA:516,0
DA:518,0
DA:519,0
DA:520,0
DA:524,0
DA:526,0
DA:527,0
DA:528,0
DA:529,0
DA:530,0
DA:531,0
DA:532,0
DA:537,0
DA:541,0
DA:543,0
DA:544,0
DA:545,0
DA:546,0
DA:552,0
DA:553,0
DA:554,0
DA:568,0
DA:569,0
DA:570,0
DA:571,0
DA:578,0
DA:579,0
DA:580,0
DA:583,0
DA:584,0
DA:585,0
DA:589,0
DA:590,0
DA:591,0
DA:592,0
DA:593,0
DA:598,0
DA:599,0
DA:600,0
DA:601,0
DA:607,0
DA:612,0
DA:614,0
DA:615,0
DA:616,0
DA:619,0
DA:620,0
DA:621,0
DA:630,0
DA:632,0
DA:636,0
DA:638,0
DA:639,0
DA:640,0
DA:643,0
DA:644,0
DA:650,0
DA:651,0
DA:653,0
DA:654,0
DA:655,0
DA:656,0
DA:671,0
DA:673,0
DA:674,0
DA:675,0
DA:678,0
DA:679,0
DA:680,0
DA:683,0
DA:687,0
DA:688,0
DA:689,0
DA:697,0
DA:699,0
DA:703,0
DA:705,0
DA:706,0
DA:707,0
DA:715,0
DA:719,0
DA:720,0
DA:721,0
DA:733,0
DA:735,0
DA:736,0
DA:739,0
DA:740,0
DA:744,0
DA:745,0
DA:749,0
DA:750,0
DA:755,0
DA:756,0
DA:757,0
DA:758,0
DA:767,0
DA:769,0
DA:770,0
DA:775,0
DA:776,0
DA:777,0
DA:778,0
DA:785,0
DA:787,0
DA:788,0
DA:789,0
DA:790,0
DA:791,0
DA:798,0
DA:799,0
DA:800,0
DA:803,0
DA:804,0
DA:805,0
DA:808,0
DA:809,0
DA:810,0
DA:811,0
DA:812,0
DA:813,0
DA:820,0
LF:347
LH:0
BRDA:51,0,0,0
BRDA:51,0,1,0
BRDA:73,1,0,0
BRDA:73,1,1,0
BRDA:76,2,0,0
BRDA:76,2,1,0
BRDA:86,3,0,0
BRDA:86,3,1,0
BRDA:131,4,0,0
BRDA:131,4,1,0
BRDA:168,5,0,0
BRDA:168,5,1,0
BRDA:175,6,0,0
BRDA:175,6,1,0
BRDA:196,7,0,0
BRDA:196,7,1,0
BRDA:232,8,0,0
BRDA:232,8,1,0
BRDA:263,9,0,0
BRDA:263,9,1,0
BRDA:311,10,0,0
BRDA:311,10,1,0
BRDA:319,11,0,0
BRDA:319,11,1,0
BRDA:327,12,0,0
BRDA:327,12,1,0
BRDA:329,13,0,0
BRDA:329,13,1,0
BRDA:338,14,0,0
BRDA:338,14,1,0
BRDA:374,15,0,0
BRDA:374,15,1,0
BRDA:387,16,0,0
BRDA:387,16,1,0
BRDA:390,17,0,0
BRDA:390,17,1,0
BRDA:433,18,0,0
BRDA:433,18,1,0
BRDA:433,19,0,0
BRDA:433,19,1,0
BRDA:440,20,0,0
BRDA:440,20,1,0
BRDA:461,21,0,0
BRDA:461,21,1,0
BRDA:475,22,0,0
BRDA:475,22,1,0
BRDA:485,23,0,0
BRDA:485,23,1,0
BRDA:494,24,0,0
BRDA:494,24,1,0
BRDA:494,25,0,0
BRDA:494,25,1,0
BRDA:498,26,0,0
BRDA:498,26,1,0
BRDA:501,27,0,0
BRDA:501,27,1,0
BRDA:528,28,0,0
BRDA:528,28,1,0
BRDA:590,29,0,0
BRDA:590,29,1,0
BRDA:598,30,0,0
BRDA:598,30,1,0
BRDA:651,31,0,0
BRDA:651,31,1,0
BRDA:687,32,0,0
BRDA:687,32,1,0
BRDA:703,33,0,0
BRDA:703,33,1,0
BRDA:718,34,0,0
BRDA:718,35,0,0
BRDA:722,36,0,0
BRDA:722,36,1,0
BRDA:722,37,0,0
BRDA:722,37,1,0
BRDA:757,38,0,0
BRDA:757,38,1,0
BRDA:777,39,0,0
BRDA:777,39,1,0
BRDA:790,40,0,0
BRDA:790,40,1,0
BRDA:790,41,0,0
BRDA:790,41,1,0
BRDA:812,42,0,0
BRDA:812,42,1,0
BRF:84
BRH:0
end_of_record
